#
# There is insufficient memory for the Java Runtime Environment to continue.
# Native memory allocation (malloc) failed to allocate 1048576 bytes for AllocateHeap
# Possible reasons:
#   The system is out of physical RAM or swap space
#   The process is running with CompressedOops enabled, and the Java Heap may be blocking the growth of the native heap
# Possible solutions:
#   Reduce memory load on the system
#   Increase physical memory or swap space
#   Check if swap backing store is full
#   Decrease Java heap size (-Xmx/-Xms)
#   Decrease number of Java threads
#   Decrease Java thread stack sizes (-Xss)
#   Set larger code cache with -XX:ReservedCodeCacheSize=
#   JVM is running with Unscaled Compressed Oops mode in which the Java heap is
#     placed in the first 4GB address space. The Java Heap base address is the
#     maximum limit for the native heap growth. Please use -XX:HeapBaseMinAddress
#     to set the Java Heap base and to place the Java Heap above 4GB virtual address.
# This output file may be truncated or incomplete.
#
#  Out of Memory Error (memory/allocation.inline.hpp:61), pid=7604, tid=0x0000000000003180
#
# JRE version:  (8.0_202-b08) (build )
# Java VM: Java HotSpot(TM) 64-Bit Server VM (25.202-b08 mixed mode windows-amd64 compressed oops)
# Failed to write core dump. Minidumps are not enabled by default on client versions of Windows
#

---------------  T H R E A D  ---------------

Current thread (0x0000000002e12800):  JavaThread "Unknown thread" [_thread_in_vm, id=12672, stack(0x0000000002bb0000,0x0000000002cb0000)]

Stack: [0x0000000002bb0000,0x0000000002cb0000]
[error occurred during error reporting (printing stack bounds), id 0xc0000005]

Native frames: (J=compiled Java code, j=interpreted, Vv=VM code, C=native code)


---------------  P R O C E S S  ---------------

Java Threads: ( => current thread )

Other Threads:

=>0x0000000002e12800 (exited) JavaThread "Unknown thread" [_thread_in_vm, id=12672, stack(0x0000000002bb0000,0x0000000002cb0000)]

VM state:not at safepoint (normal execution)

VM Mutex/Monitor currently owned by a thread: None

heap address: 0x00000000a1400000, size: 1516 MB, Compressed Oops mode: 32-bit
Narrow klass base: 0x0000000000000000, Narrow klass shift: 3
Compressed class space size: 1073741824 Address: 0x0000000100000000

Heap:
 PSYoungGen      total 28672K, used 491K [0x00000000e0700000, 0x00000000e2700000, 0x0000000100000000)
  eden space 24576K, 2% used [0x00000000e0700000,0x00000000e077ae20,0x00000000e1f00000)
  from space 4096K, 0% used [0x00000000e2300000,0x00000000e2300000,0x00000000e2700000)
  to   space 4096K, 0% used [0x00000000e1f00000,0x00000000e1f00000,0x00000000e2300000)
 ParOldGen       total 65536K, used 0K [0x00000000a1400000, 0x00000000a5400000, 0x00000000e0700000)
  object space 65536K, 0% used [0x00000000a1400000,0x00000000a1400000,0x00000000a5400000)
 Metaspace       used 775K, capacity 4480K, committed 4480K, reserved 1056768K
  class space    used 76K, capacity 384K, committed 384K, reserved 1048576K

Card table byte_map: [0x00000000122d0000,0x00000000125d0000] byte_map_base: 0x0000000011dc6000

Marking Bits: (ParMarkBitMap*) 0x0000000070905ce0
 Begin Bits: [0x00000000129d0000, 0x0000000014180000)
 End Bits:   [0x0000000014180000, 0x0000000015930000)

Polling page: 0x0000000002b60000

CodeCache: size=245760Kb used=327Kb max_used=327Kb free=245432Kb
 bounds [0x0000000002f10000, 0x0000000003180000, 0x0000000011f10000]
 total_blobs=57 nmethods=0 adapters=38
 compilation: enabled

Compilation events (0 events):
No events

GC Heap History (0 events):
No events

Deoptimization events (0 events):
No events

Classes redefined (0 events):
No events

Internal exceptions (0 events):
No events

Events (10 events):
Event: 0.039 loading class java/lang/Short
Event: 0.039 loading class java/lang/Short done
Event: 0.039 loading class java/lang/Integer
Event: 0.040 loading class java/lang/Integer done
Event: 0.040 loading class java/lang/Long
Event: 0.040 loading class java/lang/Long done
Event: 0.041 loading class java/lang/NullPointerException
Event: 0.041 loading class java/lang/NullPointerException done
Event: 0.041 loading class java/lang/ArithmeticException
Event: 0.041 loading class java/lang/ArithmeticException done


Dynamic libraries:
0x00007ff6a7350000 - 0x00007ff6a7387000 	C:\Program Files\Java\jdk1.8.0_202\bin\javaw.exe
0x00007ffb750b0000 - 0x00007ffb752c7000 	C:\WINDOWS\SYSTEM32\ntdll.dll
0x00007ffb73ec0000 - 0x00007ffb73f84000 	C:\WINDOWS\System32\KERNEL32.DLL
0x00007ffb72560000 - 0x00007ffb7291a000 	C:\WINDOWS\System32\KERNELBASE.dll
0x00007ffb74800000 - 0x00007ffb748b2000 	C:\WINDOWS\System32\ADVAPI32.dll
0x00007ffb73910000 - 0x00007ffb739b7000 	C:\WINDOWS\System32\msvcrt.dll
0x00007ffb73fb0000 - 0x00007ffb74057000 	C:\WINDOWS\System32\sechost.dll
0x00007ffb72a40000 - 0x00007ffb72a68000 	C:\WINDOWS\System32\bcrypt.dll
0x00007ffb73770000 - 0x00007ffb73884000 	C:\WINDOWS\System32\RPCRT4.dll
0x00007ffb74070000 - 0x00007ffb7421e000 	C:\WINDOWS\System32\USER32.dll
0x00007ffb72d80000 - 0x00007ffb72da6000 	C:\WINDOWS\System32\win32u.dll
0x00007ffb73e10000 - 0x00007ffb73e39000 	C:\WINDOWS\System32\GDI32.dll
0x00007ffb72380000 - 0x00007ffb7249b000 	C:\WINDOWS\System32\gdi32full.dll
0x00007ffb72af0000 - 0x00007ffb72b8a000 	C:\WINDOWS\System32\msvcp_win.dll
0x00007ffb72920000 - 0x00007ffb72a31000 	C:\WINDOWS\System32\ucrtbase.dll
0x00007ffb563c0000 - 0x00007ffb56652000 	C:\WINDOWS\WinSxS\amd64_microsoft.windows.common-controls_6595b64144ccf1df_6.0.22621.4541_none_2710d1c57384c085\COMCTL32.dll
0x00007ffb74220000 - 0x00007ffb74251000 	C:\WINDOWS\System32\IMM32.DLL
0x0000000070990000 - 0x0000000070a62000 	C:\Program Files\Java\jdk1.8.0_202\jre\bin\msvcr100.dll
0x00000000700e0000 - 0x0000000070985000 	C:\Program Files\Java\jdk1.8.0_202\jre\bin\server\jvm.dll
0x00007ffb74060000 - 0x00007ffb74068000 	C:\WINDOWS\System32\PSAPI.DLL
0x00007ffb64d10000 - 0x00007ffb64d19000 	C:\WINDOWS\SYSTEM32\WSOCK32.dll
0x00007ffb73890000 - 0x00007ffb73901000 	C:\WINDOWS\System32\WS2_32.dll
0x00007ffb6a6f0000 - 0x00007ffb6a724000 	C:\WINDOWS\SYSTEM32\WINMM.dll
0x00007ffb68c10000 - 0x00007ffb68c1a000 	C:\WINDOWS\SYSTEM32\VERSION.dll
0x00007ffb6c250000 - 0x00007ffb6c25f000 	C:\Program Files\Java\jdk1.8.0_202\jre\bin\verify.dll
0x00007ffb55b80000 - 0x00007ffb55ba9000 	C:\Program Files\Java\jdk1.8.0_202\jre\bin\java.dll
0x00007ffb55b60000 - 0x00007ffb55b76000 	C:\Program Files\Java\jdk1.8.0_202\jre\bin\zip.dll

VM Arguments:
jvm_args: -Dfile.encoding=UTF-8 -Dstdout.encoding=UTF-8 -Dstderr.encoding=UTF-8 
java_command: collegeapplication.chat.Server
java_class_path (initial): C:\Users\saras\eclipse-workspace\College-Management-System-In-Java-master\bin;C:\Users\saras\eclipse-workspace\College-Management-System-In-Java-master\jar files\mysql-connector-java-5.1.38.jar;C:\Users\saras\eclipse-workspace\College-Management-System-In-Java-master\jar files\rs2xml.jar
Launcher Type: SUN_STANDARD

Environment Variables:
JAVA_HOME=C:\Program Files\Java\jdk-17\bin
PATH=C:/Users/saras/.p2/pool/plugins/org.eclipse.justj.openjdk.hotspot.jre.full.win32.x86_64_21.0.6.v20250130-0529/jre/bin/server;C:/Users/saras/.p2/pool/plugins/org.eclipse.justj.openjdk.hotspot.jre.full.win32.x86_64_21.0.6.v20250130-0529/jre/bin;C:\Program Files (x86)\Common Files\Oracle\Java\java8path;C:\Program Files (x86)\Common Files\Oracle\Java\javapath;C:\Python313\Scripts\;C:\Python313\;C:\windows\system32;C:\windows;C:\windows\System32\Wbem;C:\windows\System32\WindowsPowerShell\v1.0\;C:\windows\System32\OpenSSH\;C:\Program Files\MySQL\MySQL Server 8.0\bin;C:\WINDOWS\system32;C:\WINDOWS;C:\WINDOWS\System32\Wbem;C:\WINDOWS\System32\WindowsPowerShell\v1.0\;C:\WINDOWS\System32\OpenSSH\;C:\Program Files\HP\HP One Agent;C:\ProgramData\chocolatey\bin;C:\Program Files\Git\cmd;C:\Program Files\Git\mingw64\bin;C:\Program Files\Git\usr\bin;C:\Program Files\nodejs\;C:\Program Files\Java\jdk-17\bin;C:\Program Files\MySQL\MySQL Shell 8.0\bin\;C:\Users\saras\AppData\Local\Microsoft\WindowsApps;C:\Users\saras\AppData\Local\Programs\Microsoft VS Code\bin;C:\Program Files\Apache\Maven\bin;C:\Users\saras\AppData\Roaming\npm;;C:\Users\saras\Desktop;
USERNAME=saras
OS=Windows_NT
PROCESSOR_IDENTIFIER=AMD64 Family 23 Model 24 Stepping 1, AuthenticAMD



---------------  S Y S T E M  ---------------

OS: Windows 10.0 , 64 bit Build 22621 (10.0.22621.4391)

CPU:total 2 (initial active 2) (2 cores per cpu, 1 threads per core) family 23 model 24 stepping 1, cmov, cx8, fxsr, mmx, sse, sse2, sse3, ssse3, sse4.1, sse4.2, popcnt, avx, avx2, aes, clmul, mmxext, 3dnowpref, lzcnt, sse4a, tsc, tscinvbit, tscinv, bmi1

Memory: 4k page, physical 6206504k(551780k free), swap 8303656k(5644k free)

vm_info: Java HotSpot(TM) 64-Bit Server VM (25.202-b08) for windows-amd64 JRE (1.8.0_202-b08), built on Dec 15 2018 19:54:30 by "java_re" with MS VC++ 10.0 (VS2010)

time: Fri Apr 11 09:35:23 2025
timezone: India Standard Time
elapsed time: 0 seconds (0d 0h 0m 0s)

